<?xml version="1.0" encoding="UTF-8"?>
<testng-results ignored="0" total="2" passed="2" failed="0" skipped="0">
  <reporter-output>
  </reporter-output>
  <suite started-at="2022-11-16T11:59:53 IST" name="Default suite" finished-at="2022-11-16T12:00:29 IST" duration-ms="36100">
    <groups>
      <group name="cucumber">
        <method signature="AbstractTestNGCucumberTests.runScenario(io.cucumber.testng.PickleWrapper,io.cucumber.testng.FeatureWrapper)[pri:0, instance:cucumberlearning.TestRunner1@3541cb24]" name="runScenario" class="io.cucumber.testng.AbstractTestNGCucumberTests"/>
      </group> <!-- cucumber -->
    </groups>
    <test started-at="2022-11-16T11:59:53 IST" name="Default test" finished-at="2022-11-16T12:00:29 IST" duration-ms="36100">
      <class name="cucumberlearning.TestRunner1">
        <test-method is-config="true" signature="setUpClass(org.testng.ITestContext)[pri:0, instance:cucumberlearning.TestRunner1@3541cb24]" started-at="2022-11-16T11:59:53 IST" name="setUpClass" finished-at="2022-11-16T11:59:54 IST" duration-ms="450" status="PASS">
          <params>
            <param index="0">
              <value>
                <![CDATA[org.testng.TestRunner@3568f9d2]]>
              </value>
            </param>
          </params>
          <reporter-output>
          </reporter-output>
        </test-method> <!-- setUpClass -->
        <test-method signature="runScenario(io.cucumber.testng.PickleWrapper,io.cucumber.testng.FeatureWrapper)[pri:0, instance:cucumberlearning.TestRunner1@3541cb24]" started-at="2022-11-16T11:59:54 IST" name="runScenario" description="Runs Cucumber Scenarios" data-provider="scenarios" finished-at="2022-11-16T12:00:29 IST" duration-ms="35559" status="PASS">
          <params>
            <param index="0">
              <value>
                <![CDATA["Login swag web"]]>
              </value>
            </param>
            <param index="1">
              <value>
                <![CDATA["Swag web automation"]]>
              </value>
            </param>
          </params>
          <reporter-output>
          </reporter-output>
        </test-method> <!-- runScenario -->
        <test-method signature="runScenario(io.cucumber.testng.PickleWrapper,io.cucumber.testng.FeatureWrapper)[pri:0, instance:cucumberlearning.TestRunner1@3541cb24]" started-at="2022-11-16T11:59:54 IST" name="runScenario" description="Runs Cucumber Scenarios" data-provider="scenarios" finished-at="2022-11-16T12:00:17 IST" duration-ms="23385" status="PASS">
          <params>
            <param index="0">
              <value>
                <![CDATA["Verify Login Functionality"]]>
              </value>
            </param>
            <param index="1">
              <value>
                <![CDATA["Verify AQM Mail"]]>
              </value>
            </param>
          </params>
          <reporter-output>
          </reporter-output>
        </test-method> <!-- runScenario -->
        <test-method is-config="true" signature="tearDownClass()[pri:0, instance:cucumberlearning.TestRunner1@3541cb24]" started-at="2022-11-16T12:00:29 IST" name="tearDownClass" finished-at="2022-11-16T12:00:29 IST" duration-ms="15" status="PASS">
          <reporter-output>
          </reporter-output>
        </test-method> <!-- tearDownClass -->
      </class> <!-- cucumberlearning.TestRunner1 -->
    </test> <!-- Default test -->
  </suite> <!-- Default suite -->
</testng-results>
